<?xml version="1.0" encoding="UTF-8"?>
<testng-results retried="1" ignored="0" total="4" passed="3" failed="0" skipped="0">
  <reporter-output>
  </reporter-output>
  <suite started-at="2023-03-31T08:33:24 IST" name="Surefire suite" finished-at="2023-03-31T08:34:04 IST" duration-ms="39516">
    <groups>
      <group name="Purchase">
        <method signature="OrderProductTest.standAloneTest(java.util.HashMap)[pri:0, instance:jayashgarg.OrderProductTest@7692d9cc]" name="standAloneTest" class="jayashgarg.OrderProductTest"/>
      </group> <!-- Purchase -->
    </groups>
    <test started-at="2023-03-31T08:33:24 IST" name="Surefire test" finished-at="2023-03-31T08:34:04 IST" duration-ms="39516">
      <class name="jayashgarg.OrderProductTest">
        <test-method is-config="true" signature="launchApplication()[pri:0, instance:jayashgarg.OrderProductTest@7692d9cc]" started-at="2023-03-31T08:33:25 IST" name="launchApplication" finished-at="2023-03-31T08:33:30 IST" duration-ms="5590" status="PASS">
          <reporter-output>
          </reporter-output>
        </test-method> <!-- launchApplication -->
        <test-method retried="true" signature="standAloneTest(java.util.HashMap)[pri:0, instance:jayashgarg.OrderProductTest@7692d9cc]" started-at="2023-03-31T08:33:30 IST" name="standAloneTest" data-provider="getData" finished-at="2023-03-31T08:33:32 IST" duration-ms="1606" status="SKIP">
          <params>
            <param index="0">
              <value>
                <![CDATA[{password=Asdfgh@123, product=ZARA COAT 3, email=jayash@hotmail.com}]]>
              </value>
            </param>
          </params>
          <exception class="org.openqa.selenium.ElementClickInterceptedException">
            <message>
              <![CDATA[element click intercepted: Element <button _ngcontent-fbc-c33="" routerlink="/dashboard/cart" class="btn btn-custom" style="margin-top: -10px;" tabindex="0">...</button> is not clickable at point (1227, 27). Other element would receive the click: <div _ngcontent-fbc-c31="" class="ngx-spinner-overlay ng-tns-c31-1 ng-trigger ng-trigger-fadeIn ng-star-inserted" style="background-color: rgba(51, 51, 51, 0.8); z-index: 99999; position: fixed; opacity: 1;">...</div>
  (Session info: MicrosoftEdge=111.0.1661.54)
Build info: version: '4.8.2', revision: '826dbfc730'
System info: os.name: 'Windows 10', os.arch: 'amd64', os.version: '10.0', java.version: '17.0.4'
Driver info: org.openqa.selenium.edge.EdgeDriver
Command: [fc45448f9680b59b810bfa8bf2df1529, clickElement {id=c646b37d-cc7a-4711-8cec-34748ebab3e1}]
Capabilities {acceptInsecureCerts: false, browserName: msedge, browserVersion: 111.0.1661.54, ms:edgeOptions: {debuggerAddress: localhost:50743}, msedge: {msedgedriverVersion: 111.0.1661.54 (9e410ec23a36..., userDataDir: C:\Users\jayas\AppData\Loca...}, networkConnectionEnabled: false, pageLoadStrategy: normal, platformName: WINDOWS, proxy: Proxy(), se:cdp: ws://localhost:50743/devtoo..., se:cdpVersion: 111.0.1661.54, setWindowRect: true, strictFileInteractability: false, timeouts: {implicit: 0, pageLoad: 300000, script: 30000}, unhandledPromptBehavior: dismiss and notify, webauthn:extension:credBlob: true, webauthn:extension:largeBlob: true, webauthn:extension:minPinLength: true, webauthn:extension:prf: true, webauthn:virtualAuthenticators: true}
Element: [[EdgeDriver: msedge on WINDOWS (fc45448f9680b59b810bfa8bf2df1529)] -> xpath: /html/body/app-root/app-dashboard/app-sidebar/nav/ul/li[4]/button]
Session ID: fc45448f9680b59b810bfa8bf2df1529]]>
            </message>
            <full-stacktrace>
              <![CDATA[org.openqa.selenium.ElementClickInterceptedException: element click intercepted: Element <button _ngcontent-fbc-c33="" routerlink="/dashboard/cart" class="btn btn-custom" style="margin-top: -10px;" tabindex="0">...</button> is not clickable at point (1227, 27). Other element would receive the click: <div _ngcontent-fbc-c31="" class="ngx-spinner-overlay ng-tns-c31-1 ng-trigger ng-trigger-fadeIn ng-star-inserted" style="background-color: rgba(51, 51, 51, 0.8); z-index: 99999; position: fixed; opacity: 1;">...</div>
  (Session info: MicrosoftEdge=111.0.1661.54)
Build info: version: '4.8.2', revision: '826dbfc730'
System info: os.name: 'Windows 10', os.arch: 'amd64', os.version: '10.0', java.version: '17.0.4'
Driver info: org.openqa.selenium.edge.EdgeDriver
Command: [fc45448f9680b59b810bfa8bf2df1529, clickElement {id=c646b37d-cc7a-4711-8cec-34748ebab3e1}]
Capabilities {acceptInsecureCerts: false, browserName: msedge, browserVersion: 111.0.1661.54, ms:edgeOptions: {debuggerAddress: localhost:50743}, msedge: {msedgedriverVersion: 111.0.1661.54 (9e410ec23a36..., userDataDir: C:\Users\jayas\AppData\Loca...}, networkConnectionEnabled: false, pageLoadStrategy: normal, platformName: WINDOWS, proxy: Proxy(), se:cdp: ws://localhost:50743/devtoo..., se:cdpVersion: 111.0.1661.54, setWindowRect: true, strictFileInteractability: false, timeouts: {implicit: 0, pageLoad: 300000, script: 30000}, unhandledPromptBehavior: dismiss and notify, webauthn:extension:credBlob: true, webauthn:extension:largeBlob: true, webauthn:extension:minPinLength: true, webauthn:extension:prf: true, webauthn:virtualAuthenticators: true}
Element: [[EdgeDriver: msedge on WINDOWS (fc45448f9680b59b810bfa8bf2df1529)] -> xpath: /html/body/app-root/app-dashboard/app-sidebar/nav/ul/li[4]/button]
Session ID: fc45448f9680b59b810bfa8bf2df1529
at java.base/jdk.internal.reflect.NativeConstructorAccessorImpl.newInstance0(Native Method)
at java.base/jdk.internal.reflect.NativeConstructorAccessorImpl.newInstance(NativeConstructorAccessorImpl.java:77)
at java.base/jdk.internal.reflect.DelegatingConstructorAccessorImpl.newInstance(DelegatingConstructorAccessorImpl.java:45)
at java.base/java.lang.reflect.Constructor.newInstanceWithCaller(Constructor.java:499)
at java.base/java.lang.reflect.Constructor.newInstance(Constructor.java:480)
at org.openqa.selenium.remote.codec.w3c.W3CHttpResponseCodec.createException(W3CHttpResponseCodec.java:200)
at org.openqa.selenium.remote.codec.w3c.W3CHttpResponseCodec.decode(W3CHttpResponseCodec.java:133)
at org.openqa.selenium.remote.codec.w3c.W3CHttpResponseCodec.decode(W3CHttpResponseCodec.java:53)
at org.openqa.selenium.remote.HttpCommandExecutor.execute(HttpCommandExecutor.java:193)
at org.openqa.selenium.remote.service.DriverCommandExecutor.invokeExecute(DriverCommandExecutor.java:183)
at org.openqa.selenium.remote.service.DriverCommandExecutor.execute(DriverCommandExecutor.java:158)
at org.openqa.selenium.remote.RemoteWebDriver.execute(RemoteWebDriver.java:543)
at org.openqa.selenium.remote.RemoteWebElement.execute(RemoteWebElement.java:257)
at org.openqa.selenium.remote.RemoteWebElement.click(RemoteWebElement.java:78)
at java.base/jdk.internal.reflect.NativeMethodAccessorImpl.invoke0(Native Method)
at java.base/jdk.internal.reflect.NativeMethodAccessorImpl.invoke(NativeMethodAccessorImpl.java:77)
at java.base/jdk.internal.reflect.DelegatingMethodAccessorImpl.invoke(DelegatingMethodAccessorImpl.java:43)
at java.base/java.lang.reflect.Method.invoke(Method.java:568)
at org.openqa.selenium.support.pagefactory.internal.LocatingElementHandler.invoke(LocatingElementHandler.java:52)
at jdk.proxy2/jdk.proxy2.$Proxy16.click(Unknown Source)
at jayashgarg.AbstractComponents.AbstractComponents.goToCartPage(AbstractComponents.java:32)
at jayashgarg.OrderProductTest.standAloneTest(OrderProductTest.java:44)
at java.base/jdk.internal.reflect.NativeMethodAccessorImpl.invoke0(Native Method)
at java.base/jdk.internal.reflect.NativeMethodAccessorImpl.invoke(NativeMethodAccessorImpl.java:77)
at java.base/jdk.internal.reflect.DelegatingMethodAccessorImpl.invoke(DelegatingMethodAccessorImpl.java:43)
at java.base/java.lang.reflect.Method.invoke(Method.java:568)
at org.testng.internal.invokers.MethodInvocationHelper.invokeMethod(MethodInvocationHelper.java:139)
at org.testng.internal.invokers.TestInvoker.invokeMethod(TestInvoker.java:677)
at org.testng.internal.invokers.TestInvoker.invokeTestMethod(TestInvoker.java:221)
at org.testng.internal.invokers.MethodRunner.runInSequence(MethodRunner.java:50)
at org.testng.internal.invokers.TestInvoker$MethodInvocationAgent.invoke(TestInvoker.java:962)
at org.testng.internal.invokers.TestInvoker.invokeTestMethods(TestInvoker.java:194)
at org.testng.internal.invokers.TestMethodWorker.invokeTestMethods(TestMethodWorker.java:148)
at org.testng.internal.invokers.TestMethodWorker.run(TestMethodWorker.java:128)
at java.base/java.util.ArrayList.forEach(ArrayList.java:1511)
at org.testng.TestRunner.privateRun(TestRunner.java:806)
at org.testng.TestRunner.run(TestRunner.java:601)
at org.testng.SuiteRunner.runTest(SuiteRunner.java:433)
at org.testng.SuiteRunner.runSequentially(SuiteRunner.java:427)
at org.testng.SuiteRunner.privateRun(SuiteRunner.java:387)
at org.testng.SuiteRunner.run(SuiteRunner.java:330)
at org.testng.SuiteRunnerWorker.runSuite(SuiteRunnerWorker.java:52)
at org.testng.SuiteRunnerWorker.run(SuiteRunnerWorker.java:95)
at org.testng.TestNG.runSuitesSequentially(TestNG.java:1256)
at org.testng.TestNG.runSuitesLocally(TestNG.java:1176)
at org.testng.TestNG.runSuites(TestNG.java:1099)
at org.testng.TestNG.run(TestNG.java:1067)
at org.apache.maven.surefire.testng.TestNGExecutor.run(TestNGExecutor.java:135)
at org.apache.maven.surefire.testng.TestNGDirectoryTestSuite.executeMulti(TestNGDirectoryTestSuite.java:193)
at org.apache.maven.surefire.testng.TestNGDirectoryTestSuite.execute(TestNGDirectoryTestSuite.java:94)
at org.apache.maven.surefire.testng.TestNGProvider.invoke(TestNGProvider.java:146)
at org.apache.maven.surefire.booter.ForkedBooter.invokeProviderInSameClassLoader(ForkedBooter.java:384)
at org.apache.maven.surefire.booter.ForkedBooter.runSuitesInProcess(ForkedBooter.java:345)
at org.apache.maven.surefire.booter.ForkedBooter.execute(ForkedBooter.java:126)
at org.apache.maven.surefire.booter.ForkedBooter.main(ForkedBooter.java:418)
]]>
            </full-stacktrace>
          </exception> <!-- org.openqa.selenium.ElementClickInterceptedException -->
          <reporter-output>
          </reporter-output>
        </test-method> <!-- standAloneTest -->
        <test-method is-config="true" signature="teardown()[pri:0, instance:jayashgarg.OrderProductTest@7692d9cc]" started-at="2023-03-31T08:33:32 IST" name="teardown" finished-at="2023-03-31T08:33:32 IST" duration-ms="135" status="PASS">
          <reporter-output>
          </reporter-output>
        </test-method> <!-- teardown -->
        <test-method is-config="true" signature="launchApplication()[pri:0, instance:jayashgarg.OrderProductTest@7692d9cc]" started-at="2023-03-31T08:33:32 IST" name="launchApplication" finished-at="2023-03-31T08:33:37 IST" duration-ms="5114" status="PASS">
          <reporter-output>
          </reporter-output>
        </test-method> <!-- launchApplication -->
        <test-method signature="standAloneTest(java.util.HashMap)[pri:0, instance:jayashgarg.OrderProductTest@7692d9cc]" started-at="2023-03-31T08:33:37 IST" name="standAloneTest" data-provider="getData" finished-at="2023-03-31T08:33:46 IST" duration-ms="8903" status="PASS">
          <params>
            <param index="0">
              <value>
                <![CDATA[{password=Asdfgh@123, product=ZARA COAT 3, email=jayash@hotmail.com}]]>
              </value>
            </param>
          </params>
          <reporter-output>
          </reporter-output>
        </test-method> <!-- standAloneTest -->
        <test-method is-config="true" signature="teardown()[pri:0, instance:jayashgarg.OrderProductTest@7692d9cc]" started-at="2023-03-31T08:33:46 IST" name="teardown" finished-at="2023-03-31T08:33:46 IST" duration-ms="135" status="PASS">
          <reporter-output>
          </reporter-output>
        </test-method> <!-- teardown -->
        <test-method is-config="true" signature="launchApplication()[pri:0, instance:jayashgarg.OrderProductTest@7692d9cc]" started-at="2023-03-31T08:33:46 IST" name="launchApplication" finished-at="2023-03-31T08:33:50 IST" duration-ms="3995" status="PASS">
          <reporter-output>
          </reporter-output>
        </test-method> <!-- launchApplication -->
        <test-method signature="standAloneTest(java.util.HashMap)[pri:0, instance:jayashgarg.OrderProductTest@7692d9cc]" started-at="2023-03-31T08:33:50 IST" name="standAloneTest" data-provider="getData" finished-at="2023-03-31T08:33:59 IST" duration-ms="9014" status="PASS">
          <params>
            <param index="0">
              <value>
                <![CDATA[{password=Asdfgh@123, product=ADIDAS ORIGINAL, email=jayash@hotmail.com}]]>
              </value>
            </param>
          </params>
          <reporter-output>
          </reporter-output>
        </test-method> <!-- standAloneTest -->
        <test-method is-config="true" signature="teardown()[pri:0, instance:jayashgarg.OrderProductTest@7692d9cc]" started-at="2023-03-31T08:33:59 IST" name="teardown" finished-at="2023-03-31T08:33:59 IST" duration-ms="151" status="PASS">
          <reporter-output>
          </reporter-output>
        </test-method> <!-- teardown -->
        <test-method is-config="true" signature="launchApplication()[pri:0, instance:jayashgarg.OrderProductTest@7692d9cc]" started-at="2023-03-31T08:33:59 IST" name="launchApplication" finished-at="2023-03-31T08:34:03 IST" duration-ms="3975" status="PASS">
          <reporter-output>
          </reporter-output>
        </test-method> <!-- launchApplication -->
        <test-method signature="orderHistoryTest()[pri:0, instance:jayashgarg.OrderProductTest@7692d9cc]" started-at="2023-03-31T08:34:03 IST" name="orderHistoryTest" finished-at="2023-03-31T08:34:04 IST" depends-on-methods="jayashgarg.OrderProductTest.standAloneTest" duration-ms="578" status="PASS">
          <reporter-output>
          </reporter-output>
        </test-method> <!-- orderHistoryTest -->
        <test-method is-config="true" signature="teardown()[pri:0, instance:jayashgarg.OrderProductTest@7692d9cc]" started-at="2023-03-31T08:34:04 IST" name="teardown" finished-at="2023-03-31T08:34:04 IST" duration-ms="135" status="PASS">
          <reporter-output>
          </reporter-output>
        </test-method> <!-- teardown -->
      </class> <!-- jayashgarg.OrderProductTest -->
    </test> <!-- Surefire test -->
  </suite> <!-- Surefire suite -->
</testng-results>
