<?xml version="1.0" encoding="UTF-8"?>
<!-- Generated by org.testng.reporters.JUnitXMLReporter -->
<testsuite ignored="0" hostname="LAPTOP-7O75UBNI" failures="0" tests="4" name="Surefire test" time="39.516" errors="0" timestamp="2023-03-31T08:34:04 IST">
  <testcase classname="jayashgarg.OrderProductTest" name="standAloneTest" time="1.606">
    <skipped/>
  </testcase> <!-- standAloneTest -->
  <testcase classname="jayashgarg.OrderProductTest" name="standAloneTest" time="8.903"/>
  <testcase classname="jayashgarg.OrderProductTest" name="standAloneTest" time="9.014"/>
  <testcase classname="jayashgarg.OrderProductTest" name="orderHistoryTest" time="0.578"/>
</testsuite> <!-- Surefire test -->
