<?xml version="1.0" encoding="UTF-8"?>
<!-- Generated by org.testng.reporters.JUnitXMLReporter -->
<testsuite ignored="0" hostname="LAPTOP-7O75UBNI" failures="0" tests="3" name="Error Validation Test" time="19.334" errors="0" timestamp="2023-03-30T11:55:57 IST">
  <testcase classname="jayashgarg.ErrorValidation" name="LoginErrorValidation" time="0.466"/>
  <testcase classname="jayashgarg.ErrorValidation" name="ProductErrorValidation" time="1.621">
    <skipped/>
  </testcase> <!-- ProductErrorValidation -->
  <testcase classname="jayashgarg.ErrorValidation" name="ProductErrorValidation" time="8.34"/>
</testsuite> <!-- Error Validation Test -->
