<?xml version="1.0" encoding="UTF-8"?>
<!-- Generated by org.testng.reporters.JUnitXMLReporter -->
<testsuite ignored="0" hostname="LAPTOP-7O75UBNI" failures="0" tests="3" name="Submit Order Test" time="27.989" errors="0" timestamp="2023-03-30T11:56:05 IST">
  <testcase classname="jayashgarg.OrderProductTest" name="standAloneTest" time="9.103"/>
  <testcase classname="jayashgarg.OrderProductTest" name="standAloneTest" time="9.042"/>
  <testcase classname="jayashgarg.OrderProductTest" name="orderHistoryTest" time="0.523"/>
</testsuite> <!-- Submit Order Test -->
