<?xml version="1.0" encoding="UTF-8"?>
<testng-results ignored="0" total="1" passed="1" failed="0" skipped="0">
  <reporter-output>
  </reporter-output>
  <suite started-at="2023-02-20T15:13:50 IST" name="Suite" finished-at="2023-02-20T15:13:57 IST" duration-ms="7441">
    <groups>
    </groups>
    <test started-at="2023-02-20T15:13:50 IST" name="Test" finished-at="2023-02-20T15:13:57 IST" duration-ms="7441">
      <class name="jayashgarg.testComponents.WebTables">
        <test-method signature="webTable()[pri:0, instance:jayashgarg.testComponents.WebTables@662b4c69]" started-at="2023-02-20T15:13:50 IST" name="webTable" finished-at="2023-02-20T15:13:57 IST" duration-ms="7415" status="PASS">
          <reporter-output>
          </reporter-output>
        </test-method> <!-- webTable -->
      </class> <!-- jayashgarg.testComponents.WebTables -->
    </test> <!-- Test -->
  </suite> <!-- Suite -->
</testng-results>
