<?xml version="1.0" encoding="UTF-8"?>
<testsuite xmlns:xsi="http://www.w3.org/2001/XMLSchema-instance" xsi:noNamespaceSchemaLocation="https://maven.apache.org/surefire/maven-surefire-plugin/xsd/surefire-test-report-3.0.xsd" version="3.0" name="TestSuite" time="29.752" tests="7" errors="0" skipped="2" failures="0">
  <properties>
[...]
</properties>
  <testcase name="LoginErrorValidation" classname="jayashgarg.ErrorValidation" time="0.967">
    <system-out><![CDATA[Added Product
Login Error validated
]]></system-out>
    <system-err><![CDATA[SLF4J: Failed to load class "org.slf4j.impl.StaticLoggerBinder".
SLF4J: Defaulting to no-operation (NOP) logger implementation
SLF4J: See http://www.slf4j.org/codes.html#StaticLoggerBinder for further details.
SSttaarrttinign gCh roCmheDrroimveDerirv e1r 1111.01..505.653.5646 (3.64c 7(1c07e931d50be639b370d955abfe86c23bc71079df534a40fe880c78243c91d7-rdeffs/3b4ra4nch0-h8e0a7d8s4/35596d3@-{r#e9f95}s) /onb rpoarnt c26h0-6h7e
Oanldy sl/o5ca5l6 c3on@ne{ct#i9on9s a5r})e  ona lploorwted .354
6P9lea
sOen lsy eleo chatlt pcso:n/n/ecchtrionosm aerdrei vear.lchlromoiwuemd..or
gP/lseecausrei tsyee- chtotnpss:i//dcherormeadrtiiveorn.sc hfroorm isuumg.goersgt/isonecsu roint yke-ecopnisnigd ChreormaetDiroinvse rf soarf es.ug
gestions on keeping ChromeDriver safe.
ChromeDriver was started successfully.
ChromeDriver was started successfully.
]]></system-err>
  </testcase>
  <testcase name="ProductErrorValidation" classname="jayashgarg.ErrorValidation" time="0">
    <skipped message="element click intercepted: Element &lt;button _ngcontent-vgq-c33=&quot;&quot; routerlink=&quot;/dashboard/cart&quot; class=&quot;btn btn-custom&quot; style=&quot;margin-top: -10px;&quot; tabindex=&quot;0&quot;&gt;...&lt;/button&gt; is not clickable at point (1284, 27). Other element would receive the click: &lt;div _ngcontent-vgq-c31=&quot;&quot; class=&quot;ngx-spinner-overlay ng-tns-c31-1 ng-trigger ng-trigger-fadeIn ng-star-inserted&quot; style=&quot;background-color: rgba(51, 51, 51, 0.8); z-index: 99999; position: fixed; opacity: 1;&quot;&gt;...&lt;/div&gt;&#10;  (Session info: chrome=111.0.5563.111)&#10;Build info: version: &apos;4.8.2&apos;, revision: &apos;826dbfc730&apos;&#10;System info: os.name: &apos;Windows 10&apos;, os.arch: &apos;amd64&apos;, os.version: &apos;10.0&apos;, java.version: &apos;17.0.4&apos;&#10;Driver info: org.openqa.selenium.chrome.ChromeDriver&#10;Command: [adf45b6676d68fdf256f86f75fcd3725, clickElement {id=b51a9c2b-e9f9-4129-b2c7-6b2c6207261a}]&#10;Capabilities {acceptInsecureCerts: false, browserName: chrome, browserVersion: 111.0.5563.111, chrome: {chromedriverVersion: 111.0.5563.64 (c710e93d5b63..., userDataDir: C:\Users\jayas\AppData\Loca...}, goog:chromeOptions: {debuggerAddress: localhost:63173}, networkConnectionEnabled: false, pageLoadStrategy: normal, platformName: WINDOWS, proxy: Proxy(), se:cdp: ws://localhost:63173/devtoo..., se:cdpVersion: 111.0.5563.111, setWindowRect: true, strictFileInteractability: false, timeouts: {implicit: 0, pageLoad: 300000, script: 30000}, unhandledPromptBehavior: dismiss and notify, webauthn:extension:credBlob: true, webauthn:extension:largeBlob: true, webauthn:extension:minPinLength: true, webauthn:extension:prf: true, webauthn:virtualAuthenticators: true}&#10;Element: [[ChromeDriver: chrome on WINDOWS (adf45b6676d68fdf256f86f75fcd3725)] -&gt; xpath: /html/body/app-root/app-dashboard/app-sidebar/nav/ul/li[4]/button]&#10;Session ID: adf45b6676d68fdf256f86f75fcd3725"/>
    <system-err><![CDATA[Starting ChromeDriver 111.0.5563.64 (c710e93d5b63b7095afe8c2c17df34408078439d-refs/branch-heads/5563@{#995}) on port 15587
Only local connections are allowed.
Please see https://chromedriver.chromium.org/security-considerations for suggestions on keeping ChromeDriver safe.
ChromeDriver was started successfully.
]]></system-err>
  </testcase>
  <testcase name="ProductErrorValidation" classname="jayashgarg.ErrorValidation" time="8.326">
    <system-out><![CDATA[Product Error Validated
]]></system-out>
    <system-err><![CDATA[Starting ChromeDriver 111.0.5563.64 (c710e93d5b63b7095afe8c2c17df34408078439d-refs/branch-heads/5563@{#995}) on port 47069
Only local connections are allowed.
Please see https://chromedriver.chromium.org/security-considerations for suggestions on keeping ChromeDriver safe.
ChromeDriver was started successfully.
]]></system-err>
  </testcase>
  <testcase name="standAloneTest[{password=Asdfgh@123, product=ZARA COAT 3, email=jayash@hotmail.com}](1)" classname="jayashgarg.OrderProductTest" time="0">
    <skipped message="element click intercepted: Element &lt;button _ngcontent-ahr-c33=&quot;&quot; routerlink=&quot;/dashboard/cart&quot; class=&quot;btn btn-custom&quot; style=&quot;margin-top: -10px;&quot; tabindex=&quot;0&quot;&gt;...&lt;/button&gt; is not clickable at point (1277, 27). Other element would receive the click: &lt;div _ngcontent-ahr-c31=&quot;&quot; class=&quot;ngx-spinner-overlay ng-tns-c31-1 ng-trigger ng-trigger-fadeIn ng-star-inserted&quot; style=&quot;background-color: rgba(51, 51, 51, 0.8); z-index: 99999; position: fixed; opacity: 1;&quot;&gt;...&lt;/div&gt;&#10;  (Session info: chrome=111.0.5563.111)&#10;Build info: version: &apos;4.8.2&apos;, revision: &apos;826dbfc730&apos;&#10;System info: os.name: &apos;Windows 10&apos;, os.arch: &apos;amd64&apos;, os.version: &apos;10.0&apos;, java.version: &apos;17.0.4&apos;&#10;Driver info: org.openqa.selenium.chrome.ChromeDriver&#10;Command: [4568a3ca39ccd6c7e25560a5fdb25c76, clickElement {id=e85b365e-5210-4b20-9369-809f46d96141}]&#10;Capabilities {acceptInsecureCerts: false, browserName: chrome, browserVersion: 111.0.5563.111, chrome: {chromedriverVersion: 111.0.5563.64 (c710e93d5b63..., userDataDir: C:\Users\jayas\AppData\Loca...}, goog:chromeOptions: {debuggerAddress: localhost:63135}, networkConnectionEnabled: false, pageLoadStrategy: normal, platformName: WINDOWS, proxy: Proxy(), se:cdp: ws://localhost:63135/devtoo..., se:cdpVersion: 111.0.5563.111, setWindowRect: true, strictFileInteractability: false, timeouts: {implicit: 0, pageLoad: 300000, script: 30000}, unhandledPromptBehavior: dismiss and notify, webauthn:extension:credBlob: true, webauthn:extension:largeBlob: true, webauthn:extension:minPinLength: true, webauthn:extension:prf: true, webauthn:virtualAuthenticators: true}&#10;Element: [[ChromeDriver: chrome on WINDOWS (4568a3ca39ccd6c7e25560a5fdb25c76)] -&gt; xpath: /html/body/app-root/app-dashboard/app-sidebar/nav/ul/li[4]/button]&#10;Session ID: 4568a3ca39ccd6c7e25560a5fdb25c76"/>
    <system-err><![CDATA[Starting ChromeDriver 111.0.5563.64 (c710e93d5b63b7095afe8c2c17df34408078439d-refs/branch-heads/5563@{#995}) on port 29805
Only local connections are allowed.
Please see https://chromedriver.chromium.org/security-considerations for suggestions on keeping ChromeDriver safe.
ChromeDriver was started successfully.
]]></system-err>
  </testcase>
  <testcase name="standAloneTest[{password=Asdfgh@123, product=ZARA COAT 3, email=jayash@hotmail.com}](2)" classname="jayashgarg.OrderProductTest" time="7.344">
    <system-out><![CDATA[Added Product
THANKYOU FOR THE ORDER.
]]></system-out>
    <system-err><![CDATA[Starting ChromeDriver 111.0.5563.64 (c710e93d5b63b7095afe8c2c17df34408078439d-refs/branch-heads/5563@{#995}) on port 32727
Only local connections are allowed.
Please see https://chromedriver.chromium.org/security-considerations for suggestions on keeping ChromeDriver safe.
ChromeDriver was started successfully.
]]></system-err>
  </testcase>
  <testcase name="standAloneTest[{password=Asdfgh@123, product=ADIDAS ORIGINAL, email=jayash@hotmail.com}](3)" classname="jayashgarg.OrderProductTest" time="9.252">
    <system-out><![CDATA[Added Product
THANKYOU FOR THE ORDER.
]]></system-out>
  </testcase>
  <testcase name="orderHistoryTest" classname="jayashgarg.OrderProductTest" time="0.495">
    <system-err><![CDATA[Starting ChromeDriver 111.0.5563.64 (c710e93d5b63b7095afe8c2c17df34408078439d-refs/branch-heads/5563@{#995}) on port 46328
Only local connections are allowed.
Please see https://chromedriver.chromium.org/security-considerations for suggestions on keeping ChromeDriver safe.
ChromeDriver was started successfully.
]]></system-err>
  </testcase>
</testsuite>