<?xml version="1.0" encoding="UTF-8"?>
<!-- Generated by org.testng.reporters.JUnitXMLReporter -->
<testsuite ignored="0" hostname="LAPTOP-7O75UBNI" failures="0" tests="3" name="Error Validation Test" time="16.98" errors="0" timestamp="2023-03-31T11:00:25 IST">
  <testcase classname="jayashgarg.ErrorValidation" name="LoginErrorValidation" time="0.961"/>
  <testcase classname="jayashgarg.ErrorValidation" name="ProductErrorValidation" time="1.681">
    <skipped/>
  </testcase> <!-- ProductErrorValidation -->
  <testcase classname="jayashgarg.ErrorValidation" name="ProductErrorValidation" time="8.325"/>
</testsuite> <!-- Error Validation Test -->
