<?xml version="1.0" encoding="UTF-8"?>
<!-- Generated by org.testng.reporters.JUnitXMLReporter -->
<testsuite ignored="0" hostname="LAPTOP-7O75UBNI" failures="0" tests="4" name="Submit Order Test" time="29.021" errors="0" timestamp="2023-03-31T11:00:36 IST">
  <testcase classname="jayashgarg.OrderProductTest" name="standAloneTest" time="1.714">
    <skipped/>
  </testcase> <!-- standAloneTest -->
  <testcase classname="jayashgarg.OrderProductTest" name="standAloneTest" time="9.155"/>
  <testcase classname="jayashgarg.OrderProductTest" name="standAloneTest" time="9.252"/>
  <testcase classname="jayashgarg.OrderProductTest" name="orderHistoryTest" time="0.494"/>
</testsuite> <!-- Submit Order Test -->
