<?xml version="1.0" encoding="UTF-8"?>
<testng-results ignored="0" total="1" passed="1" failed="0" skipped="0">
  <reporter-output>
  </reporter-output>
  <suite started-at="2023-04-26T10:48:57 IST" name="Suite" finished-at="2023-04-26T10:49:33 IST" duration-ms="35459">
    <groups>
    </groups>
    <test started-at="2023-04-26T10:48:57 IST" name="Test" finished-at="2023-04-26T10:49:33 IST" duration-ms="35459">
      <class name="jayashgarg.swaglabs.AddProductToCartTest">
        <test-method is-config="true" signature="loginpage()[pri:0, instance:jayashgarg.swaglabs.AddProductToCartTest@5562c41e]" started-at="2023-04-26T10:48:57 IST" name="loginpage" finished-at="2023-04-26T10:49:26 IST" duration-ms="29217" status="PASS">
          <reporter-output>
          </reporter-output>
        </test-method> <!-- loginpage -->
        <test-method signature="addProductToCart(java.lang.String,java.lang.String)[pri:0, instance:jayashgarg.swaglabs.AddProductToCartTest@5562c41e]" started-at="2023-04-26T10:49:26 IST" name="addProductToCart" data-provider="getData" finished-at="2023-04-26T10:49:33 IST" duration-ms="6099" status="PASS">
          <params>
            <param index="0">
              <value>
                <![CDATA[performance_glitch_user]]>
              </value>
            </param>
            <param index="1">
              <value>
                <![CDATA[secret_sauce]]>
              </value>
            </param>
          </params>
          <reporter-output>
          </reporter-output>
        </test-method> <!-- addProductToCart -->
        <test-method is-config="true" signature="teardown()[pri:0, instance:jayashgarg.swaglabs.AddProductToCartTest@5562c41e]" started-at="2023-04-26T10:49:33 IST" name="teardown" finished-at="2023-04-26T10:49:33 IST" duration-ms="92" status="PASS">
          <reporter-output>
          </reporter-output>
        </test-method> <!-- teardown -->
      </class> <!-- jayashgarg.swaglabs.AddProductToCartTest -->
    </test> <!-- Test -->
  </suite> <!-- Suite -->
</testng-results>
