<?xml version="1.0" encoding="UTF-8"?>
<!-- Generated by org.testng.reporters.JUnitXMLReporter -->
<testsuite ignored="0" hostname="LAPTOP-7O75UBNI" failures="0" tests="4" name="Car Loan" time="0.073" errors="0" timestamp="2022-10-11T06:59:48 IST">
  <testcase classname="TestPackage.CarLoan" name="MobileLogin" time="0.01"/>
  <testcase classname="TestPackage.CarLoan" name="WebLogin" time="0.003"/>
  <testcase classname="TestPackage.CarLoan" name="WebLogout" time="0.002"/>
  <testcase classname="TestPackage.CarLoan" name="APILogin" time="0.002"/>
</testsuite> <!-- Car Loan -->
