<?xml version="1.0" encoding="UTF-8"?>
<!-- Generated by org.testng.reporters.JUnitXMLReporter -->
<testsuite ignored="0" hostname="LAPTOP-7O75UBNI" failures="0" tests="5" name="Personal Loan" time="0.076" errors="0" timestamp="2022-10-11T06:59:48 IST">
  <testcase classname="TestPackage.PersonalLoan" name="APILogin" time="0.009"/>
  <testcase classname="TestPackage.PersonalLoan" name="MobileLogin" time="0.006"/>
  <testcase classname="TestPackage.PersonalLoan" name="WebLogin" time="0.001"/>
  <testcase classname="TestPackage.PersonalLoan" name="WebLogin" time="0.001"/>
  <testcase classname="TestPackage.PersonalLoan" name="WebLogin" time="0.001"/>
</testsuite> <!-- Personal Loan -->
