<?xml version="1.0" encoding="UTF-8"?>
<!-- Generated by org.testng.reporters.JUnitXMLReporter -->
<testsuite ignored="3" hostname="LAPTOP-7O75UBNI" failures="0" tests="5" name="Regression" time="0.064" errors="0" timestamp="2022-09-13T07:10:39 IST">
  <testcase classname="TestPackage.CarLoan" name="APILogin" time="0.01"/>
  <testcase classname="TestPackage.CarLoan" name="MobileLogin" time="0.001"/>
  <testcase classname="TestPackage.HomeLoan" name="MobileLogin" time="0.001"/>
  <testcase classname="TestPackage.HomeLoan" name="WebLogin" time="0.002"/>
  <testcase classname="TestPackage.PersonalLoan" name="WebLogin" time="0.001"/>
  <testcase classname="TestPackage.PersonalLoan" name="MobileLogin" time="0.0">
    <ignored/>
  </testcase> <!-- MobileLogin -->
  <testcase classname="TestPackage.CarLoan" name="WebLogin" time="0.0">
    <ignored/>
  </testcase> <!-- WebLogin -->
  <testcase classname="TestPackage.HomeLoan" name="APILogin" time="0.0">
    <ignored/>
  </testcase> <!-- APILogin -->
</testsuite> <!-- Regression -->
